2003.06.17 11:34 B C:\DHID\backup\slaveCamera\pxcdraw2\pxcdraw2_06_17_file_meanshift\klt\base.h --> dagwood.vsam.ri.cmu.edu /hid/xuhui/DHID/slaveCamera/pxcdraw2_06_17_file_meanshift/klt base.h
2003.06.17 11:34 B C:\DHID\backup\slaveCamera\pxcdraw2\pxcdraw2_06_17_file_meanshift\klt\convolve.c --> dagwood.vsam.ri.cmu.edu /hid/xuhui/DHID/slaveCamera/pxcdraw2_06_17_file_meanshift/klt convolve.c
2003.06.17 11:34 B C:\DHID\backup\slaveCamera\pxcdraw2\pxcdraw2_06_17_file_meanshift\klt\convolve.h --> dagwood.vsam.ri.cmu.edu /hid/xuhui/DHID/slaveCamera/pxcdraw2_06_17_file_meanshift/klt convolve.h
2003.06.17 11:34 B C:\DHID\backup\slaveCamera\pxcdraw2\pxcdraw2_06_17_file_meanshift\klt\dhid.c --> dagwood.vsam.ri.cmu.edu /hid/xuhui/DHID/slaveCamera/pxcdraw2_06_17_file_meanshift/klt dhid.c
2003.06.17 11:34 B C:\DHID\backup\slaveCamera\pxcdraw2\pxcdraw2_06_17_file_meanshift\klt\error.c --> dagwood.vsam.ri.cmu.edu /hid/xuhui/DHID/slaveCamera/pxcdraw2_06_17_file_meanshift/klt error.c
2003.06.17 11:34 B C:\DHID\backup\slaveCamera\pxcdraw2\pxcdraw2_06_17_file_meanshift\klt\error.h --> dagwood.vsam.ri.cmu.edu /hid/xuhui/DHID/slaveCamera/pxcdraw2_06_17_file_meanshift/klt error.h
2003.06.17 11:34 B C:\DHID\backup\slaveCamera\pxcdraw2\pxcdraw2_06_17_file_meanshift\klt\example1.c --> dagwood.vsam.ri.cmu.edu /hid/xuhui/DHID/slaveCamera/pxcdraw2_06_17_file_meanshift/klt example1.c
2003.06.17 11:34 B C:\DHID\backup\slaveCamera\pxcdraw2\pxcdraw2_06_17_file_meanshift\klt\example2.c --> dagwood.vsam.ri.cmu.edu /hid/xuhui/DHID/slaveCamera/pxcdraw2_06_17_file_meanshift/klt example2.c
2003.06.17 11:34 B C:\DHID\backup\slaveCamera\pxcdraw2\pxcdraw2_06_17_file_meanshift\klt\example3.c --> dagwood.vsam.ri.cmu.edu /hid/xuhui/DHID/slaveCamera/pxcdraw2_06_17_file_meanshift/klt example3.c
2003.06.17 11:34 B C:\DHID\backup\slaveCamera\pxcdraw2\pxcdraw2_06_17_file_meanshift\klt\example4.c --> dagwood.vsam.ri.cmu.edu /hid/xuhui/DHID/slaveCamera/pxcdraw2_06_17_file_meanshift/klt example4.c
2003.06.17 11:34 B C:\DHID\backup\slaveCamera\pxcdraw2\pxcdraw2_06_17_file_meanshift\klt\example5.c --> dagwood.vsam.ri.cmu.edu /hid/xuhui/DHID/slaveCamera/pxcdraw2_06_17_file_meanshift/klt example5.c
2003.06.17 11:34 B C:\DHID\backup\slaveCamera\pxcdraw2\pxcdraw2_06_17_file_meanshift\klt\klt.c --> dagwood.vsam.ri.cmu.edu /hid/xuhui/DHID/slaveCamera/pxcdraw2_06_17_file_meanshift/klt klt.c
2003.06.17 11:34 B C:\DHID\backup\slaveCamera\pxcdraw2\pxcdraw2_06_17_file_meanshift\klt\klt.h --> dagwood.vsam.ri.cmu.edu /hid/xuhui/DHID/slaveCamera/pxcdraw2_06_17_file_meanshift/klt klt.h
2003.06.17 11:34 B C:\DHID\backup\slaveCamera\pxcdraw2\pxcdraw2_06_17_file_meanshift\klt\klt_util.c --> dagwood.vsam.ri.cmu.edu /hid/xuhui/DHID/slaveCamera/pxcdraw2_06_17_file_meanshift/klt klt_util.c
2003.06.17 11:34 B C:\DHID\backup\slaveCamera\pxcdraw2\pxcdraw2_06_17_file_meanshift\klt\klt_util.h --> dagwood.vsam.ri.cmu.edu /hid/xuhui/DHID/slaveCamera/pxcdraw2_06_17_file_meanshift/klt klt_util.h
2003.06.17 11:34 B C:\DHID\backup\slaveCamera\pxcdraw2\pxcdraw2_06_17_file_meanshift\klt\pnmio.c --> dagwood.vsam.ri.cmu.edu /hid/xuhui/DHID/slaveCamera/pxcdraw2_06_17_file_meanshift/klt pnmio.c
2003.06.17 11:34 B C:\DHID\backup\slaveCamera\pxcdraw2\pxcdraw2_06_17_file_meanshift\klt\pnmio.h --> dagwood.vsam.ri.cmu.edu /hid/xuhui/DHID/slaveCamera/pxcdraw2_06_17_file_meanshift/klt pnmio.h
2003.06.17 11:34 B C:\DHID\backup\slaveCamera\pxcdraw2\pxcdraw2_06_17_file_meanshift\klt\pyramid.c --> dagwood.vsam.ri.cmu.edu /hid/xuhui/DHID/slaveCamera/pxcdraw2_06_17_file_meanshift/klt pyramid.c
2003.06.17 11:34 B C:\DHID\backup\slaveCamera\pxcdraw2\pxcdraw2_06_17_file_meanshift\klt\pyramid.h --> dagwood.vsam.ri.cmu.edu /hid/xuhui/DHID/slaveCamera/pxcdraw2_06_17_file_meanshift/klt pyramid.h
2003.06.17 11:34 B C:\DHID\backup\slaveCamera\pxcdraw2\pxcdraw2_06_17_file_meanshift\klt\selectGoodFeatures.c --> dagwood.vsam.ri.cmu.edu /hid/xuhui/DHID/slaveCamera/pxcdraw2_06_17_file_meanshift/klt selectGoodFeatures.c
2003.06.17 11:34 B C:\DHID\backup\slaveCamera\pxcdraw2\pxcdraw2_06_17_file_meanshift\klt\storeFeatures.c --> dagwood.vsam.ri.cmu.edu /hid/xuhui/DHID/slaveCamera/pxcdraw2_06_17_file_meanshift/klt storeFeatures.c
2003.06.17 11:34 B C:\DHID\backup\slaveCamera\pxcdraw2\pxcdraw2_06_17_file_meanshift\klt\Thumbs.db --> dagwood.vsam.ri.cmu.edu /hid/xuhui/DHID/slaveCamera/pxcdraw2_06_17_file_meanshift/klt Thumbs.db
2003.06.17 11:34 B C:\DHID\backup\slaveCamera\pxcdraw2\pxcdraw2_06_17_file_meanshift\klt\trackFeatures.c --> dagwood.vsam.ri.cmu.edu /hid/xuhui/DHID/slaveCamera/pxcdraw2_06_17_file_meanshift/klt trackFeatures.c
2003.06.17 11:34 B C:\DHID\backup\slaveCamera\pxcdraw2\pxcdraw2_06_17_file_meanshift\klt\writeFeatures.c --> dagwood.vsam.ri.cmu.edu /hid/xuhui/DHID/slaveCamera/pxcdraw2_06_17_file_meanshift/klt writeFeatures.c
